[2025-02-23 14:13:23] local.ERROR: Debugbar exception: filemtime(): stat failed for /var/www/html/serverFiles/vendor/maximebf/debugbar/src/DebugBar/Resources/vendor/highlightjs/styles/github.css  
[2025-02-23 14:13:23] local.ERROR: Debugbar exception: filemtime(): stat failed for /var/www/html/serverFiles/vendor/maximebf/debugbar/src/DebugBar/Resources/vendor/highlightjs/styles/github.css  
[2025-02-23 14:35:42] local.ERROR: Debugbar exception: filemtime(): stat failed for /var/www/html/serverFiles/vendor/maximebf/debugbar/src/DebugBar/Resources/vendor/highlightjs/styles/github.css  
[2025-02-23 14:46:42] local.ERROR: Debugbar exception: filemtime(): stat failed for /var/www/html/serverFiles/vendor/maximebf/debugbar/src/DebugBar/Resources/vendor/highlightjs/styles/github.css  
[2025-02-23 14:47:22] local.ERROR: Debugbar exception: filemtime(): stat failed for /var/www/html/serverFiles/vendor/maximebf/debugbar/src/DebugBar/Resources/vendor/highlightjs/styles/github.css  
[2025-02-23 14:47:46] local.ERROR: Debugbar exception: filemtime(): stat failed for /var/www/html/serverFiles/vendor/maximebf/debugbar/src/DebugBar/Resources/vendor/highlightjs/styles/github.css  
[2025-02-23 14:48:00] local.ERROR: Debugbar exception: filemtime(): stat failed for /var/www/html/serverFiles/vendor/maximebf/debugbar/src/DebugBar/Resources/vendor/highlightjs/styles/github.css  
[2025-02-23 14:48:11] local.ERROR: Debugbar exception: filemtime(): stat failed for /var/www/html/serverFiles/vendor/maximebf/debugbar/src/DebugBar/Resources/vendor/highlightjs/styles/github.css  
[2025-02-23 14:48:38] local.ERROR: Debugbar exception: filemtime(): stat failed for /var/www/html/serverFiles/vendor/maximebf/debugbar/src/DebugBar/Resources/vendor/highlightjs/styles/github.css  
[2025-02-23 14:49:14] local.ERROR: Debugbar exception: filemtime(): stat failed for /var/www/html/serverFiles/vendor/maximebf/debugbar/src/DebugBar/Resources/vendor/highlightjs/styles/github.css  
[2025-02-23 14:49:14] local.ERROR: Debugbar exception: filemtime(): stat failed for /var/www/html/serverFiles/vendor/maximebf/debugbar/src/DebugBar/Resources/vendor/highlightjs/styles/github.css  
[2025-02-23 14:50:33] local.ERROR: Debugbar exception: filemtime(): stat failed for /var/www/html/serverFiles/vendor/maximebf/debugbar/src/DebugBar/Resources/vendor/highlightjs/styles/github.css  
[2025-02-23 14:50:34] local.ERROR: Debugbar exception: filemtime(): stat failed for /var/www/html/serverFiles/vendor/maximebf/debugbar/src/DebugBar/Resources/vendor/highlightjs/styles/github.css  
[2025-02-23 14:52:22] local.ERROR: Debugbar exception: filemtime(): stat failed for /var/www/html/serverFiles/vendor/maximebf/debugbar/src/DebugBar/Resources/vendor/highlightjs/styles/github.css  
[2025-02-23 14:52:22] local.ERROR: Debugbar exception: filemtime(): stat failed for /var/www/html/serverFiles/vendor/maximebf/debugbar/src/DebugBar/Resources/vendor/highlightjs/styles/github.css  
[2025-02-23 15:30:15] local.ERROR: Debugbar exception: filemtime(): stat failed for /var/www/html/serverFiles/vendor/maximebf/debugbar/src/DebugBar/Resources/vendor/highlightjs/styles/github.css  
[2025-02-23 15:30:15] local.ERROR: Debugbar exception: filemtime(): stat failed for /var/www/html/serverFiles/vendor/maximebf/debugbar/src/DebugBar/Resources/vendor/highlightjs/styles/github.css  
[2025-02-23 15:30:15] local.ERROR: Debugbar exception: filemtime(): stat failed for /var/www/html/serverFiles/vendor/maximebf/debugbar/src/DebugBar/Resources/vendor/highlightjs/styles/github.css  
[2025-02-23 15:30:16] local.ERROR: Debugbar exception: filemtime(): stat failed for /var/www/html/serverFiles/vendor/maximebf/debugbar/src/DebugBar/Resources/vendor/highlightjs/styles/github.css  
[2025-02-23 15:30:17] local.ERROR: Debugbar exception: filemtime(): stat failed for /var/www/html/serverFiles/vendor/maximebf/debugbar/src/DebugBar/Resources/vendor/highlightjs/styles/github.css  
[2025-02-23 15:30:17] local.ERROR: Debugbar exception: filemtime(): stat failed for /var/www/html/serverFiles/vendor/maximebf/debugbar/src/DebugBar/Resources/vendor/highlightjs/styles/github.css  
[2025-02-23 15:30:31] local.ERROR: Invalid or uninitialized Zip object {"userId":9,"exception":"[object] (ValueError(code: 0): Invalid or uninitialized Zip object at /var/www/html/serverFiles/app/Http/Controllers/AddonController.php:75)
[stacktrace]
#0 /var/www/html/serverFiles/app/Http/Controllers/AddonController.php(75): ZipArchive->getNameIndex()
#1 /var/www/html/serverFiles/vendor/laravel/framework/src/Illuminate/Routing/Controller.php(54): App\\Http\\Controllers\\AddonController->store()
#2 /var/www/html/serverFiles/vendor/laravel/framework/src/Illuminate/Routing/ControllerDispatcher.php(43): Illuminate\\Routing\\Controller->callAction()
#3 /var/www/html/serverFiles/vendor/laravel/framework/src/Illuminate/Routing/Route.php(259): Illuminate\\Routing\\ControllerDispatcher->dispatch()
#4 /var/www/html/serverFiles/vendor/laravel/framework/src/Illuminate/Routing/Route.php(205): Illuminate\\Routing\\Route->runController()
#5 /var/www/html/serverFiles/vendor/laravel/framework/src/Illuminate/Routing/Router.php(799): Illuminate\\Routing\\Route->run()
#6 /var/www/html/serverFiles/vendor/laravel/framework/src/Illuminate/Pipeline/Pipeline.php(141): Illuminate\\Routing\\Router->Illuminate\\Routing\\{closure}()
#7 /var/www/html/serverFiles/app/Http/Middleware/PreventBackHistory.php(26): Illuminate\\Pipeline\\Pipeline->Illuminate\\Pipeline\\{closure}()
#8 /var/www/html/serverFiles/vendor/laravel/framework/src/Illuminate/Pipeline/Pipeline.php(180): App\\Http\\Middleware\\PreventBackHistory->handle()
#9 /var/www/html/serverFiles/app/Http/Middleware/IsAdmin.php(20): Illuminate\\Pipeline\\Pipeline->Illuminate\\Pipeline\\{closure}()
#10 /var/www/html/serverFiles/vendor/laravel/framework/src/Illuminate/Pipeline/Pipeline.php(180): App\\Http\\Middleware\\IsAdmin->handle()
#11 /var/www/html/serverFiles/vendor/spatie/laravel-cookie-consent/src/CookieConsentMiddleware.php(12): Illuminate\\Pipeline\\Pipeline->Illuminate\\Pipeline\\{closure}()
#12 /var/www/html/serverFiles/vendor/laravel/framework/src/Illuminate/Pipeline/Pipeline.php(180): Spatie\\CookieConsent\\CookieConsentMiddleware->handle()
#13 /var/www/html/serverFiles/app/Http/Middleware/CheckForMaintenanceMode.php(58): Illuminate\\Pipeline\\Pipeline->Illuminate\\Pipeline\\{closure}()
#14 /var/www/html/serverFiles/vendor/laravel/framework/src/Illuminate/Pipeline/Pipeline.php(180): App\\Http\\Middleware\\CheckForMaintenanceMode->handle()
#15 /var/www/html/serverFiles/app/Http/Middleware/HttpsProtocol.php(20): Illuminate\\Pipeline\\Pipeline->Illuminate\\Pipeline\\{closure}()
#16 /var/www/html/serverFiles/vendor/laravel/framework/src/Illuminate/Pipeline/Pipeline.php(180): App\\Http\\Middleware\\HttpsProtocol->handle()
#17 /var/www/html/serverFiles/app/Http/Middleware/Language.php(31): Illuminate\\Pipeline\\Pipeline->Illuminate\\Pipeline\\{closure}()
#18 /var/www/html/serverFiles/vendor/laravel/framework/src/Illuminate/Pipeline/Pipeline.php(180): App\\Http\\Middleware\\Language->handle()
#19 /var/www/html/serverFiles/vendor/laravel/framework/src/Illuminate/Routing/Middleware/SubstituteBindings.php(50): Illuminate\\Pipeline\\Pipeline->Illuminate\\Pipeline\\{closure}()
#20 /var/www/html/serverFiles/vendor/laravel/framework/src/Illuminate/Pipeline/Pipeline.php(180): Illuminate\\Routing\\Middleware\\SubstituteBindings->handle()
#21 /var/www/html/serverFiles/vendor/laravel/framework/src/Illuminate/Auth/Middleware/Authenticate.php(57): Illuminate\\Pipeline\\Pipeline->Illuminate\\Pipeline\\{closure}()
#22 /var/www/html/serverFiles/vendor/laravel/framework/src/Illuminate/Pipeline/Pipeline.php(180): Illuminate\\Auth\\Middleware\\Authenticate->handle()
#23 /var/www/html/serverFiles/vendor/laravel/framework/src/Illuminate/Foundation/Http/Middleware/VerifyCsrfToken.php(78): Illuminate\\Pipeline\\Pipeline->Illuminate\\Pipeline\\{closure}()
#24 /var/www/html/serverFiles/vendor/laravel/framework/src/Illuminate/Pipeline/Pipeline.php(180): Illuminate\\Foundation\\Http\\Middleware\\VerifyCsrfToken->handle()
#25 /var/www/html/serverFiles/vendor/laravel/framework/src/Illuminate/View/Middleware/ShareErrorsFromSession.php(49): Illuminate\\Pipeline\\Pipeline->Illuminate\\Pipeline\\{closure}()
#26 /var/www/html/serverFiles/vendor/laravel/framework/src/Illuminate/Pipeline/Pipeline.php(180): Illuminate\\View\\Middleware\\ShareErrorsFromSession->handle()
#27 /var/www/html/serverFiles/vendor/laravel/framework/src/Illuminate/Session/Middleware/StartSession.php(121): Illuminate\\Pipeline\\Pipeline->Illuminate\\Pipeline\\{closure}()
#28 /var/www/html/serverFiles/vendor/laravel/framework/src/Illuminate/Session/Middleware/StartSession.php(64): Illuminate\\Session\\Middleware\\StartSession->handleStatefulRequest()
#29 /var/www/html/serverFiles/vendor/laravel/framework/src/Illuminate/Pipeline/Pipeline.php(180): Illuminate\\Session\\Middleware\\StartSession->handle()
#30 /var/www/html/serverFiles/vendor/laravel/framework/src/Illuminate/Cookie/Middleware/AddQueuedCookiesToResponse.php(37): Illuminate\\Pipeline\\Pipeline->Illuminate\\Pipeline\\{closure}()
#31 /var/www/html/serverFiles/vendor/laravel/framework/src/Illuminate/Pipeline/Pipeline.php(180): Illuminate\\Cookie\\Middleware\\AddQueuedCookiesToResponse->handle()
#32 /var/www/html/serverFiles/vendor/laravel/framework/src/Illuminate/Pipeline/Pipeline.php(116): Illuminate\\Pipeline\\Pipeline->Illuminate\\Pipeline\\{closure}()
#33 /var/www/html/serverFiles/vendor/laravel/framework/src/Illuminate/Routing/Router.php(798): Illuminate\\Pipeline\\Pipeline->then()
#34 /var/www/html/serverFiles/vendor/laravel/framework/src/Illuminate/Routing/Router.php(777): Illuminate\\Routing\\Router->runRouteWithinStack()
#35 /var/www/html/serverFiles/vendor/laravel/framework/src/Illuminate/Routing/Router.php(741): Illuminate\\Routing\\Router->runRoute()
#36 /var/www/html/serverFiles/vendor/laravel/framework/src/Illuminate/Routing/Router.php(730): Illuminate\\Routing\\Router->dispatchToRoute()
#37 /var/www/html/serverFiles/vendor/laravel/framework/src/Illuminate/Foundation/Http/Kernel.php(200): Illuminate\\Routing\\Router->dispatch()
#38 /var/www/html/serverFiles/vendor/laravel/framework/src/Illuminate/Pipeline/Pipeline.php(141): Illuminate\\Foundation\\Http\\Kernel->Illuminate\\Foundation\\Http\\{closure}()
#39 /var/www/html/serverFiles/vendor/barryvdh/laravel-debugbar/src/Middleware/InjectDebugbar.php(66): Illuminate\\Pipeline\\Pipeline->Illuminate\\Pipeline\\{closure}()
#40 /var/www/html/serverFiles/vendor/laravel/framework/src/Illuminate/Pipeline/Pipeline.php(180): Barryvdh\\Debugbar\\Middleware\\InjectDebugbar->handle()
#41 /var/www/html/serverFiles/vendor/spatie/laravel-cookie-consent/src/CookieConsentMiddleware.php(12): Illuminate\\Pipeline\\Pipeline->Illuminate\\Pipeline\\{closure}()
#42 /var/www/html/serverFiles/vendor/laravel/framework/src/Illuminate/Pipeline/Pipeline.php(180): Spatie\\CookieConsent\\CookieConsentMiddleware->handle()
#43 /var/www/html/serverFiles/vendor/laravel/framework/src/Illuminate/Foundation/Http/Middleware/PreventRequestsDuringMaintenance.php(86): Illuminate\\Pipeline\\Pipeline->Illuminate\\Pipeline\\{closure}()
#44 /var/www/html/serverFiles/vendor/laravel/framework/src/Illuminate/Pipeline/Pipeline.php(180): Illuminate\\Foundation\\Http\\Middleware\\PreventRequestsDuringMaintenance->handle()
#45 /var/www/html/serverFiles/vendor/laravel/framework/src/Illuminate/Http/Middleware/TrustProxies.php(39): Illuminate\\Pipeline\\Pipeline->Illuminate\\Pipeline\\{closure}()
#46 /var/www/html/serverFiles/vendor/laravel/framework/src/Illuminate/Pipeline/Pipeline.php(180): Illuminate\\Http\\Middleware\\TrustProxies->handle()
#47 /var/www/html/serverFiles/vendor/laravel/framework/src/Illuminate/Foundation/Http/Middleware/TransformsRequest.php(21): Illuminate\\Pipeline\\Pipeline->Illuminate\\Pipeline\\{closure}()
#48 /var/www/html/serverFiles/vendor/laravel/framework/src/Illuminate/Foundation/Http/Middleware/ConvertEmptyStringsToNull.php(31): Illuminate\\Foundation\\Http\\Middleware\\TransformsRequest->handle()
#49 /var/www/html/serverFiles/vendor/laravel/framework/src/Illuminate/Pipeline/Pipeline.php(180): Illuminate\\Foundation\\Http\\Middleware\\ConvertEmptyStringsToNull->handle()
#50 /var/www/html/serverFiles/vendor/laravel/framework/src/Illuminate/Foundation/Http/Middleware/TransformsRequest.php(21): Illuminate\\Pipeline\\Pipeline->Illuminate\\Pipeline\\{closure}()
#51 /var/www/html/serverFiles/vendor/laravel/framework/src/Illuminate/Foundation/Http/Middleware/TrimStrings.php(40): Illuminate\\Foundation\\Http\\Middleware\\TransformsRequest->handle()
#52 /var/www/html/serverFiles/vendor/laravel/framework/src/Illuminate/Pipeline/Pipeline.php(180): Illuminate\\Foundation\\Http\\Middleware\\TrimStrings->handle()
#53 /var/www/html/serverFiles/vendor/laravel/framework/src/Illuminate/Foundation/Http/Middleware/ValidatePostSize.php(27): Illuminate\\Pipeline\\Pipeline->Illuminate\\Pipeline\\{closure}()
#54 /var/www/html/serverFiles/vendor/laravel/framework/src/Illuminate/Pipeline/Pipeline.php(180): Illuminate\\Foundation\\Http\\Middleware\\ValidatePostSize->handle()
#55 /var/www/html/serverFiles/vendor/laravel/framework/src/Illuminate/Pipeline/Pipeline.php(116): Illuminate\\Pipeline\\Pipeline->Illuminate\\Pipeline\\{closure}()
#56 /var/www/html/serverFiles/vendor/laravel/framework/src/Illuminate/Foundation/Http/Kernel.php(175): Illuminate\\Pipeline\\Pipeline->then()
#57 /var/www/html/serverFiles/vendor/laravel/framework/src/Illuminate/Foundation/Http/Kernel.php(144): Illuminate\\Foundation\\Http\\Kernel->sendRequestThroughRouter()
#58 /var/www/html/serverFiles/index.php(56): Illuminate\\Foundation\\Http\\Kernel->handle()
#59 {main}
"} 
[2025-02-23 15:30:31] local.ERROR: Debugbar exception: filemtime(): stat failed for /var/www/html/serverFiles/vendor/maximebf/debugbar/src/DebugBar/Resources/vendor/highlightjs/styles/github.css  
[2025-02-23 15:30:32] local.ERROR: Debugbar exception: filemtime(): stat failed for /var/www/html/serverFiles/vendor/maximebf/debugbar/src/DebugBar/Resources/vendor/highlightjs/styles/github.css  
[2025-02-23 15:30:33] local.ERROR: Debugbar exception: filemtime(): stat failed for /var/www/html/serverFiles/vendor/maximebf/debugbar/src/DebugBar/Resources/vendor/highlightjs/styles/github.css  
[2025-02-23 15:30:54] local.ERROR: Debugbar exception: filemtime(): stat failed for /var/www/html/serverFiles/vendor/maximebf/debugbar/src/DebugBar/Resources/vendor/highlightjs/styles/github.css  
[2025-02-23 15:30:54] local.ERROR: Debugbar exception: filemtime(): stat failed for /var/www/html/serverFiles/vendor/maximebf/debugbar/src/DebugBar/Resources/vendor/highlightjs/styles/github.css  
[2025-02-23 15:30:54] local.ERROR: Debugbar exception: filemtime(): stat failed for /var/www/html/serverFiles/vendor/maximebf/debugbar/src/DebugBar/Resources/vendor/highlightjs/styles/github.css  
[2025-02-23 15:30:54] local.ERROR: Debugbar exception: filemtime(): stat failed for /var/www/html/serverFiles/vendor/maximebf/debugbar/src/DebugBar/Resources/vendor/highlightjs/styles/github.css  
[2025-02-23 15:30:56] local.ERROR: Debugbar exception: filemtime(): stat failed for /var/www/html/serverFiles/vendor/maximebf/debugbar/src/DebugBar/Resources/vendor/highlightjs/styles/github.css  
[2025-02-23 16:29:40] local.ERROR: Debugbar exception: filemtime(): stat failed for /var/www/html/serverFiles/vendor/maximebf/debugbar/src/DebugBar/Resources/vendor/highlightjs/styles/github.css  
[2025-02-23 16:29:40] local.ERROR: Debugbar exception: filemtime(): stat failed for /var/www/html/serverFiles/vendor/maximebf/debugbar/src/DebugBar/Resources/vendor/highlightjs/styles/github.css  
[2025-02-23 16:30:40] local.ERROR: Debugbar exception: filemtime(): stat failed for /var/www/html/serverFiles/vendor/maximebf/debugbar/src/DebugBar/Resources/vendor/highlightjs/styles/github.css  
[2025-02-23 16:30:40] local.ERROR: Debugbar exception: filemtime(): stat failed for /var/www/html/serverFiles/vendor/maximebf/debugbar/src/DebugBar/Resources/vendor/highlightjs/styles/github.css  
[2025-02-23 16:33:02] local.ERROR: Debugbar exception: filemtime(): stat failed for /var/www/html/serverFiles/vendor/maximebf/debugbar/src/DebugBar/Resources/vendor/highlightjs/styles/github.css  
[2025-02-23 16:33:02] local.ERROR: Debugbar exception: filemtime(): stat failed for /var/www/html/serverFiles/vendor/maximebf/debugbar/src/DebugBar/Resources/vendor/highlightjs/styles/github.css  
[2025-02-23 16:33:12] local.ERROR: Debugbar exception: filemtime(): stat failed for /var/www/html/serverFiles/vendor/maximebf/debugbar/src/DebugBar/Resources/vendor/highlightjs/styles/github.css  
[2025-02-23 16:33:13] local.ERROR: Debugbar exception: filemtime(): stat failed for /var/www/html/serverFiles/vendor/maximebf/debugbar/src/DebugBar/Resources/vendor/highlightjs/styles/github.css  
[2025-02-23 16:33:24] local.ERROR: Debugbar exception: filemtime(): stat failed for /var/www/html/serverFiles/vendor/maximebf/debugbar/src/DebugBar/Resources/vendor/highlightjs/styles/github.css  
[2025-02-23 16:33:25] local.ERROR: Debugbar exception: filemtime(): stat failed for /var/www/html/serverFiles/vendor/maximebf/debugbar/src/DebugBar/Resources/vendor/highlightjs/styles/github.css  
[2025-02-23 16:33:37] local.ERROR: Debugbar exception: filemtime(): stat failed for /var/www/html/serverFiles/vendor/maximebf/debugbar/src/DebugBar/Resources/vendor/highlightjs/styles/github.css  
[2025-02-23 16:33:38] local.ERROR: Debugbar exception: filemtime(): stat failed for /var/www/html/serverFiles/vendor/maximebf/debugbar/src/DebugBar/Resources/vendor/highlightjs/styles/github.css  
[2025-02-23 16:35:57] local.ERROR: Debugbar exception: filemtime(): stat failed for /var/www/html/serverFiles/vendor/maximebf/debugbar/src/DebugBar/Resources/vendor/highlightjs/styles/github.css  
[2025-02-23 16:35:58] local.ERROR: Debugbar exception: filemtime(): stat failed for /var/www/html/serverFiles/vendor/maximebf/debugbar/src/DebugBar/Resources/vendor/highlightjs/styles/github.css  
[2025-02-23 16:36:14] local.ERROR: Debugbar exception: filemtime(): stat failed for /var/www/html/serverFiles/vendor/maximebf/debugbar/src/DebugBar/Resources/vendor/highlightjs/styles/github.css  
[2025-02-23 16:36:14] local.ERROR: Debugbar exception: filemtime(): stat failed for /var/www/html/serverFiles/vendor/maximebf/debugbar/src/DebugBar/Resources/vendor/highlightjs/styles/github.css  
[2025-02-23 16:36:25] local.ERROR: Debugbar exception: filemtime(): stat failed for /var/www/html/serverFiles/vendor/maximebf/debugbar/src/DebugBar/Resources/vendor/highlightjs/styles/github.css  
[2025-02-23 16:36:25] local.ERROR: Debugbar exception: filemtime(): stat failed for /var/www/html/serverFiles/vendor/maximebf/debugbar/src/DebugBar/Resources/vendor/highlightjs/styles/github.css  
[2025-02-23 16:36:44] local.ERROR: Debugbar exception: filemtime(): stat failed for /var/www/html/serverFiles/vendor/maximebf/debugbar/src/DebugBar/Resources/vendor/highlightjs/styles/github.css  
[2025-02-23 16:36:44] local.ERROR: Debugbar exception: filemtime(): stat failed for /var/www/html/serverFiles/vendor/maximebf/debugbar/src/DebugBar/Resources/vendor/highlightjs/styles/github.css  
[2025-02-23 16:36:59] local.ERROR: Debugbar exception: filemtime(): stat failed for /var/www/html/serverFiles/vendor/maximebf/debugbar/src/DebugBar/Resources/vendor/highlightjs/styles/github.css  
[2025-02-23 16:36:59] local.ERROR: Debugbar exception: filemtime(): stat failed for /var/www/html/serverFiles/vendor/maximebf/debugbar/src/DebugBar/Resources/vendor/highlightjs/styles/github.css  
[2025-02-23 16:37:13] local.ERROR: Debugbar exception: filemtime(): stat failed for /var/www/html/serverFiles/vendor/maximebf/debugbar/src/DebugBar/Resources/vendor/highlightjs/styles/github.css  
[2025-02-23 16:37:14] local.ERROR: Debugbar exception: filemtime(): stat failed for /var/www/html/serverFiles/vendor/maximebf/debugbar/src/DebugBar/Resources/vendor/highlightjs/styles/github.css  
[2025-02-23 16:37:24] local.ERROR: Debugbar exception: filemtime(): stat failed for /var/www/html/serverFiles/vendor/maximebf/debugbar/src/DebugBar/Resources/vendor/highlightjs/styles/github.css  
[2025-02-23 16:37:25] local.ERROR: Debugbar exception: filemtime(): stat failed for /var/www/html/serverFiles/vendor/maximebf/debugbar/src/DebugBar/Resources/vendor/highlightjs/styles/github.css  
[2025-02-23 16:37:34] local.ERROR: Debugbar exception: filemtime(): stat failed for /var/www/html/serverFiles/vendor/maximebf/debugbar/src/DebugBar/Resources/vendor/highlightjs/styles/github.css  
[2025-02-23 16:37:34] local.ERROR: Debugbar exception: filemtime(): stat failed for /var/www/html/serverFiles/vendor/maximebf/debugbar/src/DebugBar/Resources/vendor/highlightjs/styles/github.css  
[2025-02-23 16:37:52] local.ERROR: Debugbar exception: filemtime(): stat failed for /var/www/html/serverFiles/vendor/maximebf/debugbar/src/DebugBar/Resources/vendor/highlightjs/styles/github.css  
[2025-02-23 16:37:52] local.ERROR: Debugbar exception: filemtime(): stat failed for /var/www/html/serverFiles/vendor/maximebf/debugbar/src/DebugBar/Resources/vendor/highlightjs/styles/github.css  
[2025-02-23 16:38:35] local.ERROR: Debugbar exception: filemtime(): stat failed for /var/www/html/serverFiles/vendor/maximebf/debugbar/src/DebugBar/Resources/vendor/highlightjs/styles/github.css  
[2025-02-23 16:38:36] local.ERROR: Debugbar exception: filemtime(): stat failed for /var/www/html/serverFiles/vendor/maximebf/debugbar/src/DebugBar/Resources/vendor/highlightjs/styles/github.css  
[2025-02-23 16:38:46] local.ERROR: Debugbar exception: filemtime(): stat failed for /var/www/html/serverFiles/vendor/maximebf/debugbar/src/DebugBar/Resources/vendor/highlightjs/styles/github.css  
[2025-02-23 16:38:46] local.ERROR: Debugbar exception: filemtime(): stat failed for /var/www/html/serverFiles/vendor/maximebf/debugbar/src/DebugBar/Resources/vendor/highlightjs/styles/github.css  
[2025-02-23 16:40:38] local.ERROR: Debugbar exception: filemtime(): stat failed for /var/www/html/serverFiles/vendor/maximebf/debugbar/src/DebugBar/Resources/vendor/highlightjs/styles/github.css  
[2025-02-23 16:40:39] local.ERROR: Debugbar exception: filemtime(): stat failed for /var/www/html/serverFiles/vendor/maximebf/debugbar/src/DebugBar/Resources/vendor/highlightjs/styles/github.css  
[2025-02-23 16:40:48] local.ERROR: Debugbar exception: filemtime(): stat failed for /var/www/html/serverFiles/vendor/maximebf/debugbar/src/DebugBar/Resources/vendor/highlightjs/styles/github.css  
[2025-02-23 16:40:48] local.ERROR: Debugbar exception: filemtime(): stat failed for /var/www/html/serverFiles/vendor/maximebf/debugbar/src/DebugBar/Resources/vendor/highlightjs/styles/github.css  
[2025-02-23 16:56:46] local.ERROR: Debugbar exception: filemtime(): stat failed for /var/www/html/serverFiles/vendor/maximebf/debugbar/src/DebugBar/Resources/vendor/highlightjs/styles/github.css  
[2025-02-23 16:56:46] local.ERROR: Debugbar exception: filemtime(): stat failed for /var/www/html/serverFiles/vendor/maximebf/debugbar/src/DebugBar/Resources/vendor/highlightjs/styles/github.css  
[2025-02-23 16:56:56] local.ERROR: Debugbar exception: filemtime(): stat failed for /var/www/html/serverFiles/vendor/maximebf/debugbar/src/DebugBar/Resources/vendor/highlightjs/styles/github.css  
[2025-02-23 16:56:57] local.ERROR: Debugbar exception: filemtime(): stat failed for /var/www/html/serverFiles/vendor/maximebf/debugbar/src/DebugBar/Resources/vendor/highlightjs/styles/github.css  
[2025-02-23 16:57:27] local.ERROR: Debugbar exception: filemtime(): stat failed for /var/www/html/serverFiles/vendor/maximebf/debugbar/src/DebugBar/Resources/vendor/highlightjs/styles/github.css  
[2025-02-23 16:57:28] local.ERROR: Debugbar exception: filemtime(): stat failed for /var/www/html/serverFiles/vendor/maximebf/debugbar/src/DebugBar/Resources/vendor/highlightjs/styles/github.css  
